<?xml version="1.0" encoding="UTF-8"?>
<!-- Generated by org.testng.reporters.JUnitReportReporter -->
<testsuite hostname="DESKTOP-JJ905MD" failures="0" tests="1" name="RestDemo.RestProject" time="10.514" errors="0" timestamp="2022-10-17T11:42:20 PDT" skipped="0">
  <testcase classname="RestDemo.RestProject" name="searchCapitalofCountries" time="10.514"/>
  <system-out/>
</testsuite> <!-- RestDemo.RestProject -->
