<?xml version="1.0" encoding="UTF-8"?>
<!-- Generated by org.testng.reporters.JUnitReportReporter -->
<testsuite hostname="DESKTOP-JJ905MD" failures="0" tests="1" name="RestDemo.Base" time="2.530" errors="0" timestamp="2022-10-16T22:39:50 PDT" skipped="0">
  <testcase classname="RestDemo.Base" name="VerifyCityInJsonResponse" time="2.530"/>
  <system-out/>
</testsuite> <!-- RestDemo.Base -->
